============================= test session starts =============================
platform win32 -- Python 3.11.9, pytest-8.4.1, pluggy-1.6.0
rootdir: C:\Users\agarw\OneDrive\Desktop\Rohan\CodeRAG
plugins: anyio-4.10.0, asyncio-1.1.0, typeguard-4.4.4
asyncio: mode=Mode.STRICT, asyncio_default_fixture_loop_scope=None, asyncio_default_test_loop_scope=function
collected 523 items / 2 errors

=================================== ERRORS ====================================
_ ERROR collecting data/users/359004fe-3bb3-4d8a-8191-0ae4945256ac/repos/b535717b-92be-4b80-96a2-9754ee72e2ae/source/examples/javascript/tests _
..\..\..\..\AppData\Local\Programs\Python\Python311\Lib\importlib\__init__.py:126: in import_module
    return _bootstrap._gcd_import(name[level:], package, level)
           ^^^^^^^^^^^^^^^^^^^^^^^^^^^^^^^^^^^^^^^^^^^^^^^^^^^^
<frozen importlib._bootstrap>:1204: in _gcd_import
    ???
<frozen importlib._bootstrap>:1176: in _find_and_load
    ???
<frozen importlib._bootstrap>:1147: in _find_and_load_unlocked
    ???
<frozen importlib._bootstrap>:690: in _load_unlocked
    ???
..\..\..\..\AppData\Local\Programs\Python\Python311\Lib\site-packages\_pytest\assertion\rewrite.py:186: in exec_module
    exec(co, module.__dict__)
data\users\359004fe-3bb3-4d8a-8191-0ae4945256ac\repos\b535717b-92be-4b80-96a2-9754ee72e2ae\source\examples\javascript\tests\conftest.py:3: in <module>
    from js_example import app
E   ModuleNotFoundError: No module named 'js_example'
_ ERROR collecting data/users/359004fe-3bb3-4d8a-8191-0ae4945256ac/repos/b535717b-92be-4b80-96a2-9754ee72e2ae/source/examples/tutorial/tests _
..\..\..\..\AppData\Local\Programs\Python\Python311\Lib\importlib\__init__.py:126: in import_module
    return _bootstrap._gcd_import(name[level:], package, level)
           ^^^^^^^^^^^^^^^^^^^^^^^^^^^^^^^^^^^^^^^^^^^^^^^^^^^^
<frozen importlib._bootstrap>:1204: in _gcd_import
    ???
<frozen importlib._bootstrap>:1176: in _find_and_load
    ???
<frozen importlib._bootstrap>:1147: in _find_and_load_unlocked
    ???
<frozen importlib._bootstrap>:690: in _load_unlocked
    ???
..\..\..\..\AppData\Local\Programs\Python\Python311\Lib\site-packages\_pytest\assertion\rewrite.py:186: in exec_module
    exec(co, module.__dict__)
data\users\359004fe-3bb3-4d8a-8191-0ae4945256ac\repos\b535717b-92be-4b80-96a2-9754ee72e2ae\source\examples\tutorial\tests\conftest.py:6: in <module>
    from flaskr import create_app
E   ModuleNotFoundError: No module named 'flaskr'
============================== warnings summary ===============================
routers\auth.py:24
  C:\Users\agarw\OneDrive\Desktop\Rohan\CodeRAG\routers\auth.py:24: PydanticDeprecatedSince20: Pydantic V1 style `@validator` validators are deprecated. You should migrate to Pydantic V2 style `@field_validator` validators, see the migration guide for more details. Deprecated in Pydantic V2.0 to be removed in V3.0. See Pydantic V2 Migration Guide at https://errors.pydantic.dev/2.11/migration/
    @validator('password')

routers\sessions.py:26
  C:\Users\agarw\OneDrive\Desktop\Rohan\CodeRAG\routers\sessions.py:26: PydanticDeprecatedSince20: Pydantic V1 style `@validator` validators are deprecated. You should migrate to Pydantic V2 style `@field_validator` validators, see the migration guide for more details. Deprecated in Pydantic V2.0 to be removed in V3.0. See Pydantic V2 Migration Guide at https://errors.pydantic.dev/2.11/migration/
    @validator('name')

routers\sessions.py:39
  C:\Users\agarw\OneDrive\Desktop\Rohan\CodeRAG\routers\sessions.py:39: PydanticDeprecatedSince20: Pydantic V1 style `@validator` validators are deprecated. You should migrate to Pydantic V2 style `@field_validator` validators, see the migration guide for more details. Deprecated in Pydantic V2.0 to be removed in V3.0. See Pydantic V2 Migration Guide at https://errors.pydantic.dev/2.11/migration/
    @validator('role')

routers\sessions.py:45
  C:\Users\agarw\OneDrive\Desktop\Rohan\CodeRAG\routers\sessions.py:45: PydanticDeprecatedSince20: Pydantic V1 style `@validator` validators are deprecated. You should migrate to Pydantic V2 style `@field_validator` validators, see the migration guide for more details. Deprecated in Pydantic V2.0 to be removed in V3.0. See Pydantic V2 Migration Guide at https://errors.pydantic.dev/2.11/migration/
    @validator('content')

-- Docs: https://docs.pytest.org/en/stable/how-to/capture-warnings.html
=========================== short test summary info ===========================
ERROR data/users/359004fe-3bb3-4d8a-8191-0ae4945256ac/repos/b535717b-92be-4b80-96a2-9754ee72e2ae/source/examples/javascript/tests
ERROR data/users/359004fe-3bb3-4d8a-8191-0ae4945256ac/repos/b535717b-92be-4b80-96a2-9754ee72e2ae/source/examples/tutorial/tests
!!!!!!!!!!!!!!!!!!! Interrupted: 2 errors during collection !!!!!!!!!!!!!!!!!!!
======================== 4 warnings, 2 errors in 0.62s ========================
